Using pre-set license
Built from '2020.3/staging' branch; Version is '2020.3.18f1 (a7d1c678663c) revision 10998214'; Using compiler version '192528614'; Build Type 'Release'
OS: 'Windows 10 Enterprise; OS build 18363.1916; Version 1909; 64bit' Language: 'zh' Physical Memory: 8130 MB
BatchMode: 1, IsHumanControllingUs: 0, StartBugReporterOnCrash: 0, Is64bit: 1, IsPro: 0

COMMAND LINE ARGUMENTS:
D:\Unity\Editor\Unity.exe
-adb2
-batchMode
-noUpm
-name
AssetImportWorker0
-projectPath
D:/Unity/Projects/Unity_HC_TC_2D_2048_Hroizontal_20210918/2048_Hroizontal_20210918
-logFile
Logs/AssetImportWorker0.log
-srvPort
11843
Successfully changed project path to: D:/Unity/Projects/Unity_HC_TC_2D_2048_Hroizontal_20210918/2048_Hroizontal_20210918
D:/Unity/Projects/Unity_HC_TC_2D_2048_Hroizontal_20210918/2048_Hroizontal_20210918
Using Asset Import Pipeline V2.
Refreshing native plugins compatible for Editor in 68.15 ms, found 3 plugins.
Preloading 0 native plugins for Editor in 0.00 ms.
Initialize engine version: 2020.3.18f1 (a7d1c678663c)
[Subsystems] Discovering subsystems at path D:/Unity/Editor/Data/Resources/UnitySubsystems
[Subsystems] Discovering subsystems at path D:/Unity/Projects/Unity_HC_TC_2D_2048_Hroizontal_20210918/2048_Hroizontal_20210918/Assets
GfxDevice: creating device client; threaded=0
Direct3D:
    Version:  Direct3D 11.0 [level 11.1]
    Renderer: AMD Radeon HD 7700 Series (ID=0x683d)
    Vendor:   
    VRAM:     1003 MB
    Driver:   27.20.1034.6
Initialize mono
Mono path[0] = 'D:/Unity/Editor/Data/Managed'
Mono path[1] = 'D:/Unity/Editor/Data/MonoBleedingEdge/lib/mono/unityjit'
Mono config path = 'D:/Unity/Editor/Data/MonoBleedingEdge/etc'
Using monoOptions --debugger-agent=transport=dt_socket,embedding=1,server=y,suspend=n,address=127.0.0.1:56232
Begin MonoManager ReloadAssembly
Registering precompiled unity dll's ...
Register platform support module: D:/Unity/Editor/Data/PlaybackEngines/WebGLSupport/UnityEditor.WebGL.Extensions.dll
Register platform support module: D:/Unity/Editor/Data/PlaybackEngines/WindowsStandaloneSupport/UnityEditor.WindowsStandalone.Extensions.dll
Registered in 0.002039 seconds.
Native extension for WindowsStandalone target not found
Native extension for WebGL target not found
Refreshing native plugins compatible for Editor in 65.53 ms, found 3 plugins.
Preloading 0 native plugins for Editor in 0.00 ms.
Mono: successfully reloaded assembly
- Completed reload, in  1.582 seconds
Domain Reload Profiling:
	ReloadAssembly (1582ms)
		BeginReloadAssembly (85ms)
			ExecutionOrderSort (0ms)
			DisableScriptedObjects (0ms)
			BackupInstance (0ms)
			ReleaseScriptingObjects (0ms)
			CreateAndSetChildDomain (1ms)
		EndReloadAssembly (599ms)
			LoadAssemblies (84ms)
			RebuildTransferFunctionScriptingTraits (0ms)
			SetupTypeCache (201ms)
			ReleaseScriptCaches (0ms)
			RebuildScriptCaches (53ms)
			SetupLoadedEditorAssemblies (246ms)
				LogAssemblyErrors (0ms)
				InitializePlatformSupportModulesInManaged (7ms)
				SetLoadedEditorAssemblies (1ms)
				RefreshPlugins (66ms)
				BeforeProcessingInitializeOnLoad (23ms)
				ProcessInitializeOnLoadAttributes (109ms)
				ProcessInitializeOnLoadMethodAttributes (40ms)
				AfterProcessingInitializeOnLoad (0ms)
				EditorAssembliesLoaded (0ms)
			ExecutionOrderSort2 (0ms)
			AwakeInstancesAfterBackupRestoration (0ms)
Platform modules already initialized, skipping
Registering precompiled user dll's ...
Registered in 0.004269 seconds.
Begin MonoManager ReloadAssembly
Native extension for WindowsStandalone target not found
Native extension for WebGL target not found
Refreshing native plugins compatible for Editor in 64.96 ms, found 3 plugins.
Preloading 0 native plugins for Editor in 0.00 ms.
Mono: successfully reloaded assembly
- Completed reload, in  1.619 seconds
Domain Reload Profiling:
	ReloadAssembly (1620ms)
		BeginReloadAssembly (217ms)
			ExecutionOrderSort (0ms)
			DisableScriptedObjects (7ms)
			BackupInstance (0ms)
			ReleaseScriptingObjects (0ms)
			CreateAndSetChildDomain (25ms)
		EndReloadAssembly (1326ms)
			LoadAssemblies (145ms)
			RebuildTransferFunctionScriptingTraits (0ms)
			SetupTypeCache (398ms)
			ReleaseScriptCaches (1ms)
			RebuildScriptCaches (88ms)
			SetupLoadedEditorAssemblies (534ms)
				LogAssemblyErrors (0ms)
				InitializePlatformSupportModulesInManaged (7ms)
				SetLoadedEditorAssemblies (0ms)
				RefreshPlugins (65ms)
				BeforeProcessingInitializeOnLoad (128ms)
				ProcessInitializeOnLoadAttributes (312ms)
				ProcessInitializeOnLoadMethodAttributes (17ms)
				AfterProcessingInitializeOnLoad (4ms)
				EditorAssembliesLoaded (0ms)
			ExecutionOrderSort2 (0ms)
			AwakeInstancesAfterBackupRestoration (9ms)
Platform modules already initialized, skipping
========================================================================
Worker process is ready to serve import requests
Launched and connected shader compiler UnityShaderCompiler.exe after 0.07 seconds
Refreshing native plugins compatible for Editor in 0.55 ms, found 3 plugins.
Preloading 0 native plugins for Editor in 0.00 ms.
Unloading 2149 Unused Serialized files (Serialized files now loaded: 0)
System memory in use before: 95.3 MB.
System memory in use after: 95.4 MB.

Unloading 26 unused Assets to reduce memory usage. Loaded Objects now: 2590.
Total: 4.296700 ms (FindLiveObjects: 0.218500 ms CreateObjectMapping: 0.108800 ms MarkObjects: 3.871300 ms  DeleteObjects: 0.096600 ms)

AssetImportParameters requested are different than current active one (requested -> active):
  custom:framework-win-MediaFoundation: 216162199b28c13a410421893ffa2e32 -> 
  custom:video-decoder-ogg-theora: a1e56fd34408186e4bbccfd4996cb3dc -> 
  custom:container-muxer-webm: aa71ff27fc2769a1b78a27578f13a17b -> 
  custom:container-demuxer-webm: 4f35f7cbe854078d1ac9338744f61a02 -> 
  custom:container-demuxer-ogg: 62fdf1f143b41e24485cea50d1cbac27 -> 
  custom:video-encoder-webm-vp8: eb34c28f22e8b96e1ab97ce403110664 -> 
  custom:video-decoder-webm-vp8: 9c59270c3fd7afecdb556c50c9e8de78 -> 
  custom:audio-decoder-ogg-vorbis: bf7c407c2cedff20999df2af8eb42d56 -> 
  custom:audio-encoder-webm-vorbis: bf7c407c2cedff20999df2af8eb42d56 -> 
========================================================================
Received Import Request.
  path: Assets/場景/遊戲場景.unity
  artifactKey: Guid(72f20c394f2b61742b5d594a58293112) Importer(815301076,1909f56bfc062723c751e8b465ee728b)
Start importing Assets/場景/遊戲場景.unity using Guid(72f20c394f2b61742b5d594a58293112) Importer(815301076,1909f56bfc062723c751e8b465ee728b)  -> (artifact id: '549c8d27fa20eaa3e13e28ddde2ecc18') in 0.031450 seconds 
  Import took 0.042094 seconds .

========================================================================
Received Import Request.
  Time since last request: 2.330061 seconds.
  path: Assets/場景/開始畫面.unity
  artifactKey: Guid(d96ac47761486ae43be786531bd983d3) Importer(815301076,1909f56bfc062723c751e8b465ee728b)
Start importing Assets/場景/開始畫面.unity using Guid(d96ac47761486ae43be786531bd983d3) Importer(815301076,1909f56bfc062723c751e8b465ee728b)  -> (artifact id: '938f73df62b9572263be9d78172349ce') in 0.002914 seconds 
  Import took 0.007426 seconds .

========================================================================
Received Import Request.
  Time since last request: 0.000760 seconds.
  path: Assets/場景/開始畫面.unity
  artifactKey: Guid(d96ac47761486ae43be786531bd983d3) Importer(815301076,1909f56bfc062723c751e8b465ee728b)
Start importing Assets/場景/開始畫面.unity using Guid(d96ac47761486ae43be786531bd983d3) Importer(815301076,1909f56bfc062723c751e8b465ee728b)  -> (artifact id: '938f73df62b9572263be9d78172349ce') in 0.003417 seconds 
  Import took 0.008278 seconds .

========================================================================
Received Import Request.
  Time since last request: 120.350362 seconds.
  path: Assets/素材/音樂/魔王魂 効果音 システム46.mp3
  artifactKey: Guid(2d6b73333613ac640bd9cf583c97b1da) Importer(815301076,1909f56bfc062723c751e8b465ee728b)
Start importing Assets/素材/音樂/魔王魂 効果音 システム46.mp3 using Guid(2d6b73333613ac640bd9cf583c97b1da) Importer(815301076,1909f56bfc062723c751e8b465ee728b)  -> (artifact id: 'b1cecc583567714b6484257158d9e116') in 0.280632 seconds 
  Import took 0.285052 seconds .

========================================================================
Received Import Request.
  Time since last request: 0.005586 seconds.
  path: Assets/動畫/遊戲標題動態效果.anim
  artifactKey: Guid(1f589912365db4947acc1d4c2c3a77cc) Importer(815301076,1909f56bfc062723c751e8b465ee728b)
Start importing Assets/動畫/遊戲標題動態效果.anim using Guid(1f589912365db4947acc1d4c2c3a77cc) Importer(815301076,1909f56bfc062723c751e8b465ee728b)  -> (artifact id: '6a77c302e8a9cc9c26a905b7c99f3897') in 0.010809 seconds 
  Import took 0.014798 seconds .

========================================================================
Received Import Request.
  Time since last request: 0.006652 seconds.
  path: Assets/素材/音樂/魔王魂  ピアノ41.mp3
  artifactKey: Guid(ca34d4b453922d84683e5290acd93b68) Importer(815301076,1909f56bfc062723c751e8b465ee728b)
Start importing Assets/素材/音樂/魔王魂  ピアノ41.mp3 using Guid(ca34d4b453922d84683e5290acd93b68) Importer(815301076,1909f56bfc062723c751e8b465ee728b)  -> (artifact id: '9a28ccdc39b72e0d6d438680d241e27c') in 0.011056 seconds 
  Import took 0.015167 seconds .

========================================================================
Received Import Request.
  Time since last request: 0.004157 seconds.
  path: Assets/動畫/設定畫面談入效果.anim
  artifactKey: Guid(66e2a043542199f4da7f106dd06d6c13) Importer(815301076,1909f56bfc062723c751e8b465ee728b)
Start importing Assets/動畫/設定畫面談入效果.anim using Guid(66e2a043542199f4da7f106dd06d6c13) Importer(815301076,1909f56bfc062723c751e8b465ee728b)  -> (artifact id: '7504a1968706c2a952936c5b9d973b2d') in 0.003262 seconds 
  Import took 0.007231 seconds .

========================================================================
Received Import Request.
  Time since last request: 0.003132 seconds.
  path: Assets/素材/混音器/混音器.mixer
  artifactKey: Guid(430d6234797574a4f9b5b146ccab7f6a) Importer(815301076,1909f56bfc062723c751e8b465ee728b)
Start importing Assets/素材/混音器/混音器.mixer using Guid(430d6234797574a4f9b5b146ccab7f6a) Importer(815301076,1909f56bfc062723c751e8b465ee728b)  -> (artifact id: 'd8cf3e383b7cb9bc612a2ef2f9ada70d') in 0.007017 seconds 
  Import took 0.011045 seconds .

========================================================================
Received Import Request.
  Time since last request: 0.003130 seconds.
  path: Assets/Scripts/混音裝置/AudioMixerController.cs
  artifactKey: Guid(0950414c8ef656544971c6ec630575ae) Importer(815301076,1909f56bfc062723c751e8b465ee728b)
Start importing Assets/Scripts/混音裝置/AudioMixerController.cs using Guid(0950414c8ef656544971c6ec630575ae) Importer(815301076,1909f56bfc062723c751e8b465ee728b)  -> (artifact id: '57f6f4e5243a8fce6ea3f4cf4d8a42bb') in 0.013116 seconds 
  Import took 0.017040 seconds .

========================================================================
Received Import Request.
  Time since last request: 0.003058 seconds.
  path: Assets/Scripts/開始畫面/Mixer.cs
  artifactKey: Guid(478069aabd22e414a99d8b8f1a3e382b) Importer(815301076,1909f56bfc062723c751e8b465ee728b)
Start importing Assets/Scripts/開始畫面/Mixer.cs using Guid(478069aabd22e414a99d8b8f1a3e382b) Importer(815301076,1909f56bfc062723c751e8b465ee728b)  -> (artifact id: '2132e60ccc6913190605023e58e462e7') in 0.002534 seconds 
  Import took 0.006382 seconds .

========================================================================
Received Import Request.
  Time since last request: 0.003033 seconds.
  path: Assets/動畫/設定畫面.controller
  artifactKey: Guid(09ca6e2c1509aa64e9582b7b35d4cacd) Importer(815301076,1909f56bfc062723c751e8b465ee728b)
Start importing Assets/動畫/設定畫面.controller using Guid(09ca6e2c1509aa64e9582b7b35d4cacd) Importer(815301076,1909f56bfc062723c751e8b465ee728b)  -> (artifact id: '72eae045b72d2d76781d1e160fb15dd4') in 0.007663 seconds 
  Import took 0.011608 seconds .

========================================================================
Received Import Request.
  Time since last request: 0.003153 seconds.
  path: Assets/素材/雜質.png
  artifactKey: Guid(22234a89cabf58b45bc65dc90272fb52) Importer(815301076,1909f56bfc062723c751e8b465ee728b)
Start importing Assets/素材/雜質.png using Guid(22234a89cabf58b45bc65dc90272fb52) Importer(815301076,1909f56bfc062723c751e8b465ee728b)  -> (artifact id: 'f6b306f794f6d9cec094ced14008bf75') in 0.091804 seconds 
  Import took 0.095873 seconds .

========================================================================
Received Import Request.
  Time since last request: 0.003772 seconds.
  path: Assets/Scripts/開始畫面/StartMenuManager.cs
  artifactKey: Guid(f0205cf78c6d931469e30b067ea818f8) Importer(815301076,1909f56bfc062723c751e8b465ee728b)
Start importing Assets/Scripts/開始畫面/StartMenuManager.cs using Guid(f0205cf78c6d931469e30b067ea818f8) Importer(815301076,1909f56bfc062723c751e8b465ee728b)  -> (artifact id: 'ef0a9f607221230ca4ae0cebc1739bda') in 0.002594 seconds 
  Import took 0.006585 seconds .

========================================================================
Received Import Request.
  Time since last request: 0.003215 seconds.
  path: Assets/素材/開始畫面天空.mat
  artifactKey: Guid(a515456d7e414fe47b9ec542f56a2685) Importer(815301076,1909f56bfc062723c751e8b465ee728b)
Start importing Assets/素材/開始畫面天空.mat using Guid(a515456d7e414fe47b9ec542f56a2685) Importer(815301076,1909f56bfc062723c751e8b465ee728b)  -> (artifact id: '5c820b6b9aad2ec69f0c68305b6fafb2') in 0.432746 seconds 
  Import took 0.437004 seconds .

========================================================================
Received Import Request.
  Time since last request: 0.003639 seconds.
  path: Assets/動畫/遊戲標題.controller
  artifactKey: Guid(ee52bc031d28899449b9758ad6967333) Importer(815301076,1909f56bfc062723c751e8b465ee728b)
Start importing Assets/動畫/遊戲標題.controller using Guid(ee52bc031d28899449b9758ad6967333) Importer(815301076,1909f56bfc062723c751e8b465ee728b)  -> (artifact id: 'e0682b2b4796933a2967222faab0455a') in 0.003675 seconds 
  Import took 0.007742 seconds .

========================================================================
Received Import Request.
  Time since last request: 0.003015 seconds.
  path: Assets/素材/雜質.mat
  artifactKey: Guid(efd7a867a97868c48b6363132d0ef755) Importer(815301076,1909f56bfc062723c751e8b465ee728b)
Start importing Assets/素材/雜質.mat using Guid(efd7a867a97868c48b6363132d0ef755) Importer(815301076,1909f56bfc062723c751e8b465ee728b)  -> (artifact id: '4a84b31d4a4e2b21401c410d6822d18b') in 0.135661 seconds 
  Import took 0.139960 seconds .

========================================================================
Received Import Request.
  Time since last request: 0.003882 seconds.
  path: Assets/素材/SuperMario256.ttf
  artifactKey: Guid(4c748c52e83b64844ba399f00e87f0a4) Importer(815301076,1909f56bfc062723c751e8b465ee728b)
Start importing Assets/素材/SuperMario256.ttf using Guid(4c748c52e83b64844ba399f00e87f0a4) Importer(815301076,1909f56bfc062723c751e8b465ee728b)  -> (artifact id: 'f63914a5896ebaa5548007df2e3ef332') in 0.048177 seconds 
  Import took 0.052387 seconds .

AssetImportWorkerClient::OnTransportError - code=2 error=End of file
